<?xml version="1.0" encoding="UTF-8"?>
<!-- Generated by org.testng.reporters.JUnitXMLReporter -->
<testsuite hostname="DESKTOP-JFR5O47" name="Command line test" tests="9" failures="0" timestamp="26 Jul 2022 06:03:01 GMT" time="0.046" errors="0">
  <testcase name="mavenPracticeTest1" time="0.01" classname="org.tyss.maven_command_line_argument_practice.MavenPractice1Test"/>
  <testcase name="mavenPracticeTest2" time="0.003" classname="org.tyss.maven_command_line_argument_practice.MavenPractice1Test"/>
  <testcase name="mavenPracticeTest3" time="0.001" classname="org.tyss.maven_command_line_argument_practice.MavenPractice1Test"/>
  <testcase name="mavenPracticeTest1" time="0.001" classname="org.tyss.maven_command_line_argument_practice.MavenPractice2Test"/>
  <testcase name="mavenPracticeTest2" time="0.001" classname="org.tyss.maven_command_line_argument_practice.MavenPractice2Test"/>
  <testcase name="mavenPracticeTest3" time="0.0" classname="org.tyss.maven_command_line_argument_practice.MavenPractice2Test"/>
  <testcase name="mavenPracticeTest1" time="0.001" classname="org.tyss.maven_command_line_argument_practice.MavenPractice3Test"/>
  <testcase name="mavenPracticeTest2" time="0.0" classname="org.tyss.maven_command_line_argument_practice.MavenPractice3Test"/>
  <testcase name="mavenPracticeTest3" time="0.001" classname="org.tyss.maven_command_line_argument_practice.MavenPractice3Test"/>
</testsuite> <!-- Command line test -->
